2026-03-13 18:49:13,752 INFO o.a.j.u.JMeterUtils: Setting Locale to en_EN
2026-03-13 18:49:13,766 INFO o.a.j.JMeter: Loading user properties from: C:\Users\Jhonemar\OneDrive\Desktop\Jmeter\apache-jmeter-5.6.3\bin\user.properties
2026-03-13 18:49:13,767 INFO o.a.j.JMeter: Loading system properties from: C:\Users\Jhonemar\OneDrive\Desktop\Jmeter\apache-jmeter-5.6.3\bin\system.properties
2026-03-13 18:49:13,773 INFO o.a.j.JMeter: Copyright (c) 1998-2024 The Apache Software Foundation
2026-03-13 18:49:13,773 INFO o.a.j.JMeter: Version 5.6.3
2026-03-13 18:49:13,773 INFO o.a.j.JMeter: java.version=25.0.1
2026-03-13 18:49:13,773 INFO o.a.j.JMeter: java.vm.name=Java HotSpot(TM) 64-Bit Server VM
2026-03-13 18:49:13,773 INFO o.a.j.JMeter: os.name=Windows 11
2026-03-13 18:49:13,774 INFO o.a.j.JMeter: os.arch=amd64
2026-03-13 18:49:13,774 INFO o.a.j.JMeter: os.version=10.0
2026-03-13 18:49:13,774 INFO o.a.j.JMeter: file.encoding=UTF-8
2026-03-13 18:49:13,774 INFO o.a.j.JMeter: java.awt.headless=true
2026-03-13 18:49:13,774 INFO o.a.j.JMeter: Max memory     =1073741824
2026-03-13 18:49:13,774 INFO o.a.j.JMeter: Available Processors =16
2026-03-13 18:49:13,785 INFO o.a.j.JMeter: Default Locale=English (EN)
2026-03-13 18:49:13,786 INFO o.a.j.JMeter: JMeter  Locale=English (EN)
2026-03-13 18:49:13,786 INFO o.a.j.JMeter: JMeterHome=C:\Users\Jhonemar\OneDrive\Desktop\Jmeter\apache-jmeter-5.6.3
2026-03-13 18:49:13,786 INFO o.a.j.JMeter: user.dir  =C:\Users\Jhonemar\OneDrive\Desktop\load-testing-final
2026-03-13 18:49:13,787 INFO o.a.j.JMeter: PWD       =C:\Users\Jhonemar\OneDrive\Desktop\load-testing-final
2026-03-13 18:49:13,796 INFO o.a.j.JMeter: IP: 192.168.1.3 Name: LAPTOP-HHBOL0CC FullName: LAPTOP-HHBOL0CC.bbrouter
2026-03-13 18:49:13,805 INFO o.a.j.JMeter: Setting property 'jmeter.reportgenerator.outputdir' to:'C:\Users\Jhonemar\OneDrive\Desktop\load-testing-final\report'
2026-03-13 18:49:13,809 INFO o.a.j.s.FileServer: Default base='C:\Users\Jhonemar\OneDrive\Desktop\load-testing-final'
2026-03-13 18:49:13,810 INFO o.a.j.s.FileServer: Set new base='C:\Users\Jhonemar\OneDrive\Desktop\load-testing-final'
2026-03-13 18:49:14,048 INFO o.a.j.s.SaveService: Testplan (JMX) version: 2.2. Testlog (JTL) version: 2.2
2026-03-13 18:49:14,075 INFO o.a.j.s.SaveService: Using SaveService properties version 5.0
2026-03-13 18:49:14,079 INFO o.a.j.s.SaveService: Using SaveService properties file encoding UTF-8
2026-03-13 18:49:14,082 INFO o.a.j.s.SaveService: Loading file: testplan.jmx
2026-03-13 18:49:14,136 INFO o.a.j.p.h.s.HTTPSamplerBase: Parser for text/html is org.apache.jmeter.protocol.http.parser.LagartoBasedHtmlParser
2026-03-13 18:49:14,137 INFO o.a.j.p.h.s.HTTPSamplerBase: Parser for application/xhtml+xml is org.apache.jmeter.protocol.http.parser.LagartoBasedHtmlParser
2026-03-13 18:49:14,137 INFO o.a.j.p.h.s.HTTPSamplerBase: Parser for application/xml is org.apache.jmeter.protocol.http.parser.LagartoBasedHtmlParser
2026-03-13 18:49:14,137 INFO o.a.j.p.h.s.HTTPSamplerBase: Parser for text/xml is org.apache.jmeter.protocol.http.parser.LagartoBasedHtmlParser
2026-03-13 18:49:14,137 INFO o.a.j.p.h.s.HTTPSamplerBase: Parser for text/vnd.wap.wml is org.apache.jmeter.protocol.http.parser.RegexpHTMLParser
2026-03-13 18:49:14,137 INFO o.a.j.p.h.s.HTTPSamplerBase: Parser for text/css is org.apache.jmeter.protocol.http.parser.CssParser
2026-03-13 18:49:14,167 INFO o.a.j.JMeter: Creating summariser <summary>
2026-03-13 18:49:14,172 INFO o.a.j.r.d.ReportGenerator: ReportGenerator will use for Parsing the separator: ','
2026-03-13 18:49:14,173 INFO o.a.j.r.d.ReportGenerator: Will generate report at end of test from  results file: results.jtl
2026-03-13 18:49:14,173 INFO o.a.j.r.d.ReportGenerator: Reading report generator properties from: C:\Users\Jhonemar\OneDrive\Desktop\Jmeter\apache-jmeter-5.6.3\bin\reportgenerator.properties
2026-03-13 18:49:14,174 INFO o.a.j.r.d.ReportGenerator: Merging with JMeter properties
2026-03-13 18:49:14,178 INFO o.a.j.r.c.ReportGeneratorConfiguration: Property 'jmeter.reportgenerator.temp_dir' not found, using default value 'temp' instead.
2026-03-13 18:49:14,180 INFO o.a.j.r.c.ReportGeneratorConfiguration: Property 'jmeter.reportgenerator.apdex_per_transaction' not found, using default value 'null' instead.
2026-03-13 18:49:14,181 INFO o.a.j.r.c.ReportGeneratorConfiguration: apdex_per_transaction is empty, not APDEX per transaction customization
2026-03-13 18:49:14,181 INFO o.a.j.r.c.ReportGeneratorConfiguration: Property 'jmeter.reportgenerator.sample_filter' not found, using default value 'null' instead.
2026-03-13 18:49:14,181 INFO o.a.j.r.c.ReportGeneratorConfiguration: Property 'jmeter.reportgenerator.report_title' not found, using default value 'null' instead.
2026-03-13 18:49:14,181 INFO o.a.j.r.c.ReportGeneratorConfiguration: Property 'jmeter.reportgenerator.start_date' not found, using default value 'null' instead.
2026-03-13 18:49:14,181 INFO o.a.j.r.c.ReportGeneratorConfiguration: Property 'jmeter.reportgenerator.end_date' not found, using default value 'null' instead.
2026-03-13 18:49:14,181 INFO o.a.j.r.c.ReportGeneratorConfiguration: Property 'jmeter.reportgenerator.date_format' not found, using default value 'null' instead.
2026-03-13 18:49:14,181 INFO o.a.j.r.c.ReportGeneratorConfiguration: Will use date range start date: null, end date: null
2026-03-13 18:49:14,185 INFO o.a.j.r.c.ReportGeneratorConfiguration: Property 'jmeter.reportgenerator.graph.totalTPS.exclude_controllers' not found, using default value 'false' instead.
2026-03-13 18:49:14,185 INFO o.a.j.r.c.ReportGeneratorConfiguration: Property 'jmeter.reportgenerator.graph.activeThreadsOverTime.exclude_controllers' not found, using default value 'false' instead.
2026-03-13 18:49:14,185 INFO o.a.j.r.c.ReportGeneratorConfiguration: Property 'jmeter.reportgenerator.graph.timeVsThreads.exclude_controllers' not found, using default value 'false' instead.
2026-03-13 18:49:14,185 INFO o.a.j.r.c.ReportGeneratorConfiguration: Property 'jmeter.reportgenerator.graph.responseTimeDistribution.exclude_controllers' not found, using default value 'false' instead.
2026-03-13 18:49:14,185 INFO o.a.j.r.c.ReportGeneratorConfiguration: Property 'jmeter.reportgenerator.graph.transactionsPerSecond.exclude_controllers' not found, using default value 'false' instead.
2026-03-13 18:49:14,185 INFO o.a.j.r.c.ReportGeneratorConfiguration: Property 'jmeter.reportgenerator.graph.responseTimePercentiles.exclude_controllers' not found, using default value 'false' instead.
2026-03-13 18:49:14,185 INFO o.a.j.r.c.ReportGeneratorConfiguration: Property 'jmeter.reportgenerator.graph.responseTimePercentilesOverTime.exclude_controllers' not found, using default value 'false' instead.
2026-03-13 18:49:14,185 INFO o.a.j.r.c.ReportGeneratorConfiguration: Property 'jmeter.reportgenerator.graph.responseTimesOverTime.exclude_controllers' not found, using default value 'false' instead.
2026-03-13 18:49:14,185 INFO o.a.j.r.c.ReportGeneratorConfiguration: Property 'jmeter.reportgenerator.graph.connectTimeOverTime.exclude_controllers' not found, using default value 'false' instead.
2026-03-13 18:49:14,186 INFO o.a.j.r.c.ReportGeneratorConfiguration: Property 'jmeter.reportgenerator.graph.latenciesOverTime.exclude_controllers' not found, using default value 'false' instead.
2026-03-13 18:49:14,186 INFO o.a.j.r.c.ReportGeneratorConfiguration: Property 'jmeter.reportgenerator.exporter.json.filters_only_sample_series' not found, using default value 'true' instead.
2026-03-13 18:49:14,186 INFO o.a.j.r.c.ReportGeneratorConfiguration: Property 'jmeter.reportgenerator.exporter.json.series_filter' not found, using default value '' instead.
2026-03-13 18:49:14,186 INFO o.a.j.r.c.ReportGeneratorConfiguration: Property 'jmeter.reportgenerator.exporter.json.show_controllers_only' not found, using default value 'false' instead.
2026-03-13 18:49:14,187 INFO o.a.j.r.c.ReportGeneratorConfiguration: Property 'jmeter.reportgenerator.exporter.html.filters_only_sample_series' not found, using default value 'true' instead.
2026-03-13 18:49:14,187 INFO o.a.j.r.c.ReportGeneratorConfiguration: Property 'jmeter.reportgenerator.exporter.html.series_filter' not found, using default value '' instead.
2026-03-13 18:49:14,187 INFO o.a.j.r.c.ReportGeneratorConfiguration: Property 'jmeter.reportgenerator.exporter.html.show_controllers_only' not found, using default value 'false' instead.
2026-03-13 18:49:14,203 INFO o.a.j.e.StandardJMeterEngine: Running the test!
2026-03-13 18:49:14,204 INFO o.a.j.s.SampleEvent: List of sample_variables: []
2026-03-13 18:49:14,204 INFO o.a.j.s.SampleEvent: List of sample_variables: []
2026-03-13 18:49:14,209 INFO o.a.j.e.u.CompoundVariable: Note: Function class names must contain the string: '.functions.'
2026-03-13 18:49:14,209 INFO o.a.j.e.u.CompoundVariable: Note: Function class names must not contain the string: '.gui.'
2026-03-13 18:49:14,307 INFO o.a.j.JMeter: Running test (1773398954307)
2026-03-13 18:49:14,328 INFO o.a.j.e.StandardJMeterEngine: Starting ThreadGroup: 1 : Load Test Users
2026-03-13 18:49:14,329 INFO o.a.j.e.StandardJMeterEngine: Starting 50 threads for group Load Test Users.
2026-03-13 18:49:14,329 INFO o.a.j.e.StandardJMeterEngine: Thread will continue on error
2026-03-13 18:49:14,329 INFO o.a.j.t.ThreadGroup: Starting thread group... number=1 threads=50 ramp-up=1 delayedStart=false
2026-03-13 18:49:14,351 INFO o.a.j.t.ThreadGroup: Started thread group number 1
2026-03-13 18:49:14,351 INFO o.a.j.e.StandardJMeterEngine: All thread groups have been started
2026-03-13 18:49:14,420 INFO o.a.j.t.JMeterThread: Thread started: Load Test Users 1-1
2026-03-13 18:49:14,422 INFO o.a.j.s.FileServer: Stored: C:\Users\Jhonemar\OneDrive\Desktop\load-testing-final\testdata\users.csv
2026-03-13 18:49:14,437 INFO o.a.j.t.JMeterThread: Thread started: Load Test Users 1-2
2026-03-13 18:49:14,455 INFO o.a.j.p.h.s.HTTPHCAbstractImpl: Local host = LAPTOP-HHBOL0CC
2026-03-13 18:49:14,458 INFO o.a.j.t.JMeterThread: Thread started: Load Test Users 1-3
2026-03-13 18:49:14,462 INFO o.a.j.p.h.s.HTTPHC4Impl: HTTP request retry count = 0
2026-03-13 18:49:14,464 INFO o.a.j.s.SampleResult: Note: Sample TimeStamps are START times
2026-03-13 18:49:14,464 INFO o.a.j.s.SampleResult: sampleresult.default.encoding is set to UTF-8
2026-03-13 18:49:14,464 INFO o.a.j.s.SampleResult: sampleresult.useNanoTime=true
2026-03-13 18:49:14,464 INFO o.a.j.s.SampleResult: sampleresult.nanoThreadSleep=5000
2026-03-13 18:49:14,477 INFO o.a.j.t.JMeterThread: Thread started: Load Test Users 1-4
2026-03-13 18:49:14,496 INFO o.a.j.t.JMeterThread: Thread started: Load Test Users 1-5
2026-03-13 18:49:14,517 INFO o.a.j.t.JMeterThread: Thread started: Load Test Users 1-6
2026-03-13 18:49:14,535 INFO o.a.j.t.JMeterThread: Thread started: Load Test Users 1-7
2026-03-13 18:49:14,554 INFO o.a.j.t.JMeterThread: Thread started: Load Test Users 1-8
2026-03-13 18:49:14,569 INFO o.a.j.p.h.s.h.LazyLayeredConnectionSocketFactory: Setting up HTTPS TrustAll Socket Factory
2026-03-13 18:49:14,574 INFO o.a.j.t.JMeterThread: Thread started: Load Test Users 1-9
2026-03-13 18:49:14,577 INFO o.a.j.u.JsseSSLManager: Using default SSL protocol: TLS
2026-03-13 18:49:14,577 INFO o.a.j.u.JsseSSLManager: SSL session context: per-thread
2026-03-13 18:49:14,594 INFO o.a.j.t.JMeterThread: Thread started: Load Test Users 1-10
2026-03-13 18:49:14,614 INFO o.a.j.t.JMeterThread: Thread started: Load Test Users 1-11
2026-03-13 18:49:14,633 INFO o.a.j.t.JMeterThread: Thread started: Load Test Users 1-12
2026-03-13 18:49:14,653 INFO o.a.j.t.JMeterThread: Thread started: Load Test Users 1-13
2026-03-13 18:49:14,672 INFO o.a.j.t.JMeterThread: Thread started: Load Test Users 1-14
2026-03-13 18:49:14,692 INFO o.a.j.t.JMeterThread: Thread started: Load Test Users 1-15
2026-03-13 18:49:14,712 INFO o.a.j.t.JMeterThread: Thread started: Load Test Users 1-16
2026-03-13 18:49:14,732 INFO o.a.j.t.JMeterThread: Thread started: Load Test Users 1-17
2026-03-13 18:49:14,751 INFO o.a.j.t.JMeterThread: Thread started: Load Test Users 1-18
2026-03-13 18:49:14,771 INFO o.a.j.t.JMeterThread: Thread started: Load Test Users 1-19
2026-03-13 18:49:14,791 INFO o.a.j.t.JMeterThread: Thread started: Load Test Users 1-20
2026-03-13 18:49:14,811 INFO o.a.j.t.JMeterThread: Thread started: Load Test Users 1-21
2026-03-13 18:49:14,831 INFO o.a.j.t.JMeterThread: Thread started: Load Test Users 1-22
2026-03-13 18:49:14,850 INFO o.a.j.t.JMeterThread: Thread started: Load Test Users 1-23
2026-03-13 18:49:14,869 INFO o.a.j.t.JMeterThread: Thread started: Load Test Users 1-24
2026-03-13 18:49:14,888 INFO o.a.j.t.JMeterThread: Thread started: Load Test Users 1-25
2026-03-13 18:49:14,897 INFO o.a.j.u.SSLManager: JmeterKeyStore Location:  type JKS
2026-03-13 18:49:14,901 INFO o.a.j.u.SSLManager: KeyStore created OK
2026-03-13 18:49:14,901 WARN o.a.j.u.SSLManager: Keystore file not found, loading empty keystore
2026-03-13 18:49:14,909 INFO o.a.j.t.JMeterThread: Thread started: Load Test Users 1-26
2026-03-13 18:49:14,928 INFO o.a.j.t.JMeterThread: Thread started: Load Test Users 1-27
2026-03-13 18:49:14,948 INFO o.a.j.t.JMeterThread: Thread started: Load Test Users 1-28
2026-03-13 18:49:14,969 INFO o.a.j.t.JMeterThread: Thread started: Load Test Users 1-29
2026-03-13 18:49:14,987 INFO o.a.j.t.JMeterThread: Thread started: Load Test Users 1-30
2026-03-13 18:49:15,007 INFO o.a.j.t.JMeterThread: Thread started: Load Test Users 1-31
2026-03-13 18:49:15,026 INFO o.a.j.t.JMeterThread: Thread started: Load Test Users 1-32
2026-03-13 18:49:15,046 INFO o.a.j.t.JMeterThread: Thread started: Load Test Users 1-33
2026-03-13 18:49:15,065 INFO o.a.j.t.JMeterThread: Thread started: Load Test Users 1-34
2026-03-13 18:49:15,085 INFO o.a.j.t.JMeterThread: Thread started: Load Test Users 1-35
2026-03-13 18:49:15,107 INFO o.a.j.t.JMeterThread: Thread started: Load Test Users 1-36
2026-03-13 18:49:15,126 INFO o.a.j.t.JMeterThread: Thread started: Load Test Users 1-37
2026-03-13 18:49:15,144 INFO o.a.j.t.JMeterThread: Thread started: Load Test Users 1-38
2026-03-13 18:49:15,164 INFO o.a.j.t.JMeterThread: Thread started: Load Test Users 1-39
2026-03-13 18:49:15,184 INFO o.a.j.t.JMeterThread: Thread started: Load Test Users 1-40
2026-03-13 18:49:15,204 INFO o.a.j.t.JMeterThread: Thread started: Load Test Users 1-41
2026-03-13 18:49:15,223 INFO o.a.j.t.JMeterThread: Thread started: Load Test Users 1-42
2026-03-13 18:49:15,242 INFO o.a.j.t.JMeterThread: Thread started: Load Test Users 1-43
2026-03-13 18:49:15,263 INFO o.a.j.t.JMeterThread: Thread started: Load Test Users 1-44
2026-03-13 18:49:15,283 INFO o.a.j.t.JMeterThread: Thread started: Load Test Users 1-45
2026-03-13 18:49:15,304 INFO o.a.j.t.JMeterThread: Thread started: Load Test Users 1-46
2026-03-13 18:49:15,321 INFO o.a.j.t.JMeterThread: Thread started: Load Test Users 1-47
2026-03-13 18:49:15,342 INFO o.a.j.t.JMeterThread: Thread started: Load Test Users 1-48
2026-03-13 18:49:15,362 INFO o.a.j.t.JMeterThread: Thread started: Load Test Users 1-49
2026-03-13 18:49:15,380 INFO o.a.j.t.JMeterThread: Thread started: Load Test Users 1-50
2026-03-13 18:49:16,801 INFO o.a.j.t.JMeterThread: Thread is done: Load Test Users 1-33
2026-03-13 18:49:16,801 INFO o.a.j.t.JMeterThread: Thread finished: Load Test Users 1-33
2026-03-13 18:49:16,801 INFO o.a.j.t.JMeterThread: Thread is done: Load Test Users 1-34
2026-03-13 18:49:16,801 INFO o.a.j.t.JMeterThread: Thread finished: Load Test Users 1-34
2026-03-13 18:49:17,285 INFO o.a.j.t.JMeterThread: Thread is done: Load Test Users 1-38
2026-03-13 18:49:17,285 INFO o.a.j.t.JMeterThread: Thread is done: Load Test Users 1-22
2026-03-13 18:49:17,285 INFO o.a.j.t.JMeterThread: Thread finished: Load Test Users 1-38
2026-03-13 18:49:17,285 INFO o.a.j.t.JMeterThread: Thread finished: Load Test Users 1-22
2026-03-13 18:49:17,400 INFO o.a.j.t.JMeterThread: Thread is done: Load Test Users 1-47
2026-03-13 18:49:17,400 INFO o.a.j.t.JMeterThread: Thread finished: Load Test Users 1-47
2026-03-13 18:49:17,401 INFO o.a.j.t.JMeterThread: Thread is done: Load Test Users 1-28
2026-03-13 18:49:17,402 INFO o.a.j.t.JMeterThread: Thread finished: Load Test Users 1-28
2026-03-13 18:49:17,402 INFO o.a.j.t.JMeterThread: Thread is done: Load Test Users 1-7
2026-03-13 18:49:17,402 INFO o.a.j.t.JMeterThread: Thread finished: Load Test Users 1-7
2026-03-13 18:49:17,529 INFO o.a.j.t.JMeterThread: Thread is done: Load Test Users 1-49
2026-03-13 18:49:17,529 INFO o.a.j.t.JMeterThread: Thread finished: Load Test Users 1-49
2026-03-13 18:49:17,531 INFO o.a.j.t.JMeterThread: Thread is done: Load Test Users 1-42
2026-03-13 18:49:17,531 INFO o.a.j.t.JMeterThread: Thread is done: Load Test Users 1-45
2026-03-13 18:49:17,531 INFO o.a.j.t.JMeterThread: Thread finished: Load Test Users 1-42
2026-03-13 18:49:17,531 INFO o.a.j.t.JMeterThread: Thread finished: Load Test Users 1-45
2026-03-13 18:49:17,641 INFO o.a.j.t.JMeterThread: Thread is done: Load Test Users 1-32
2026-03-13 18:49:17,641 INFO o.a.j.t.JMeterThread: Thread finished: Load Test Users 1-32
2026-03-13 18:49:17,654 INFO o.a.j.t.JMeterThread: Thread is done: Load Test Users 1-50
2026-03-13 18:49:17,654 INFO o.a.j.t.JMeterThread: Thread finished: Load Test Users 1-50
2026-03-13 18:49:17,699 INFO o.a.j.t.JMeterThread: Thread is done: Load Test Users 1-16
2026-03-13 18:49:17,699 INFO o.a.j.t.JMeterThread: Thread finished: Load Test Users 1-16
2026-03-13 18:49:17,748 INFO o.a.j.t.JMeterThread: Thread is done: Load Test Users 1-40
2026-03-13 18:49:17,748 INFO o.a.j.t.JMeterThread: Thread finished: Load Test Users 1-40
2026-03-13 18:49:17,810 INFO o.a.j.t.JMeterThread: Thread is done: Load Test Users 1-30
2026-03-13 18:49:17,810 INFO o.a.j.t.JMeterThread: Thread finished: Load Test Users 1-30
2026-03-13 18:49:17,857 INFO o.a.j.t.JMeterThread: Thread is done: Load Test Users 1-48
2026-03-13 18:49:17,857 INFO o.a.j.t.JMeterThread: Thread finished: Load Test Users 1-48
2026-03-13 18:49:17,884 INFO o.a.j.t.JMeterThread: Thread is done: Load Test Users 1-44
2026-03-13 18:49:17,884 INFO o.a.j.t.JMeterThread: Thread finished: Load Test Users 1-44
2026-03-13 18:49:17,894 INFO o.a.j.t.JMeterThread: Thread is done: Load Test Users 1-41
2026-03-13 18:49:17,894 INFO o.a.j.t.JMeterThread: Thread finished: Load Test Users 1-41
2026-03-13 18:49:17,896 INFO o.a.j.t.JMeterThread: Thread is done: Load Test Users 1-9
2026-03-13 18:49:17,896 INFO o.a.j.t.JMeterThread: Thread finished: Load Test Users 1-9
2026-03-13 18:49:17,900 INFO o.a.j.t.JMeterThread: Thread is done: Load Test Users 1-25
2026-03-13 18:49:17,900 INFO o.a.j.t.JMeterThread: Thread finished: Load Test Users 1-25
2026-03-13 18:49:17,903 INFO o.a.j.t.JMeterThread: Thread is done: Load Test Users 1-43
2026-03-13 18:49:17,903 INFO o.a.j.t.JMeterThread: Thread finished: Load Test Users 1-43
2026-03-13 18:49:17,912 INFO o.a.j.t.JMeterThread: Thread is done: Load Test Users 1-14
2026-03-13 18:49:17,912 INFO o.a.j.t.JMeterThread: Thread finished: Load Test Users 1-14
2026-03-13 18:49:17,956 INFO o.a.j.t.JMeterThread: Thread is done: Load Test Users 1-46
2026-03-13 18:49:17,956 INFO o.a.j.t.JMeterThread: Thread finished: Load Test Users 1-46
2026-03-13 18:49:17,976 INFO o.a.j.t.JMeterThread: Thread is done: Load Test Users 1-13
2026-03-13 18:49:17,977 INFO o.a.j.t.JMeterThread: Thread finished: Load Test Users 1-13
2026-03-13 18:49:18,031 INFO o.a.j.t.JMeterThread: Thread is done: Load Test Users 1-18
2026-03-13 18:49:18,031 INFO o.a.j.t.JMeterThread: Thread finished: Load Test Users 1-18
2026-03-13 18:49:18,034 INFO o.a.j.t.JMeterThread: Thread is done: Load Test Users 1-36
2026-03-13 18:49:18,034 INFO o.a.j.t.JMeterThread: Thread finished: Load Test Users 1-36
2026-03-13 18:49:18,042 INFO o.a.j.t.JMeterThread: Thread is done: Load Test Users 1-24
2026-03-13 18:49:18,042 INFO o.a.j.t.JMeterThread: Thread finished: Load Test Users 1-24
2026-03-13 18:49:18,060 INFO o.a.j.t.JMeterThread: Thread is done: Load Test Users 1-15
2026-03-13 18:49:18,060 INFO o.a.j.t.JMeterThread: Thread finished: Load Test Users 1-15
2026-03-13 18:49:18,128 INFO o.a.j.t.JMeterThread: Thread is done: Load Test Users 1-35
2026-03-13 18:49:18,128 INFO o.a.j.t.JMeterThread: Thread finished: Load Test Users 1-35
2026-03-13 18:49:18,298 INFO o.a.j.t.JMeterThread: Thread is done: Load Test Users 1-39
2026-03-13 18:49:18,299 INFO o.a.j.t.JMeterThread: Thread finished: Load Test Users 1-39
2026-03-13 18:49:18,377 INFO o.a.j.t.JMeterThread: Thread is done: Load Test Users 1-3
2026-03-13 18:49:18,377 INFO o.a.j.t.JMeterThread: Thread finished: Load Test Users 1-3
2026-03-13 18:49:18,445 INFO o.a.j.t.JMeterThread: Thread is done: Load Test Users 1-1
2026-03-13 18:49:18,445 INFO o.a.j.t.JMeterThread: Thread finished: Load Test Users 1-1
2026-03-13 18:49:18,470 INFO o.a.j.t.JMeterThread: Thread is done: Load Test Users 1-19
2026-03-13 18:49:18,470 INFO o.a.j.t.JMeterThread: Thread finished: Load Test Users 1-19
2026-03-13 18:49:18,479 INFO o.a.j.t.JMeterThread: Thread is done: Load Test Users 1-17
2026-03-13 18:49:18,479 INFO o.a.j.t.JMeterThread: Thread finished: Load Test Users 1-17
2026-03-13 18:49:18,541 INFO o.a.j.t.JMeterThread: Thread is done: Load Test Users 1-31
2026-03-13 18:49:18,541 INFO o.a.j.t.JMeterThread: Thread finished: Load Test Users 1-31
2026-03-13 18:49:18,542 INFO o.a.j.t.JMeterThread: Thread is done: Load Test Users 1-4
2026-03-13 18:49:18,542 INFO o.a.j.t.JMeterThread: Thread finished: Load Test Users 1-4
2026-03-13 18:49:18,782 INFO o.a.j.t.JMeterThread: Thread is done: Load Test Users 1-26
2026-03-13 18:49:18,782 INFO o.a.j.t.JMeterThread: Thread finished: Load Test Users 1-26
2026-03-13 18:49:18,800 INFO o.a.j.t.JMeterThread: Thread is done: Load Test Users 1-5
2026-03-13 18:49:18,802 INFO o.a.j.t.JMeterThread: Thread finished: Load Test Users 1-5
2026-03-13 18:49:19,172 INFO o.a.j.t.JMeterThread: Thread is done: Load Test Users 1-37
2026-03-13 18:49:19,172 INFO o.a.j.t.JMeterThread: Thread finished: Load Test Users 1-37
2026-03-13 18:49:19,818 INFO o.a.j.t.JMeterThread: Thread is done: Load Test Users 1-23
2026-03-13 18:49:19,818 INFO o.a.j.t.JMeterThread: Thread finished: Load Test Users 1-23
2026-03-13 18:49:19,834 INFO o.a.j.t.JMeterThread: Thread is done: Load Test Users 1-8
2026-03-13 18:49:19,834 INFO o.a.j.t.JMeterThread: Thread finished: Load Test Users 1-8
2026-03-13 18:49:19,834 INFO o.a.j.t.JMeterThread: Thread is done: Load Test Users 1-11
2026-03-13 18:49:19,834 INFO o.a.j.t.JMeterThread: Thread finished: Load Test Users 1-11
2026-03-13 18:49:19,954 INFO o.a.j.t.JMeterThread: Thread is done: Load Test Users 1-21
2026-03-13 18:49:19,954 INFO o.a.j.t.JMeterThread: Thread is done: Load Test Users 1-6
2026-03-13 18:49:19,954 INFO o.a.j.t.JMeterThread: Thread is done: Load Test Users 1-2
2026-03-13 18:49:19,954 INFO o.a.j.t.JMeterThread: Thread is done: Load Test Users 1-12
2026-03-13 18:49:19,954 INFO o.a.j.t.JMeterThread: Thread finished: Load Test Users 1-2
2026-03-13 18:49:19,954 INFO o.a.j.t.JMeterThread: Thread finished: Load Test Users 1-21
2026-03-13 18:49:19,954 INFO o.a.j.t.JMeterThread: Thread finished: Load Test Users 1-6
2026-03-13 18:49:19,954 INFO o.a.j.t.JMeterThread: Thread finished: Load Test Users 1-12
2026-03-13 18:49:20,384 INFO o.a.j.t.JMeterThread: Thread is done: Load Test Users 1-27
2026-03-13 18:49:20,384 INFO o.a.j.t.JMeterThread: Thread finished: Load Test Users 1-27
2026-03-13 18:49:20,527 INFO o.a.j.t.JMeterThread: Thread is done: Load Test Users 1-20
2026-03-13 18:49:20,527 INFO o.a.j.t.JMeterThread: Thread finished: Load Test Users 1-20
2026-03-13 18:49:20,527 INFO o.a.j.t.JMeterThread: Thread is done: Load Test Users 1-10
2026-03-13 18:49:20,528 INFO o.a.j.t.JMeterThread: Thread finished: Load Test Users 1-10
2026-03-13 18:49:21,225 INFO o.a.j.t.JMeterThread: Thread is done: Load Test Users 1-29
2026-03-13 18:49:21,225 INFO o.a.j.t.JMeterThread: Thread finished: Load Test Users 1-29
2026-03-13 18:49:21,225 INFO o.a.j.e.StandardJMeterEngine: Notifying test listeners of end of test
2026-03-13 18:49:21,226 INFO o.a.j.s.FileServer: Close: C:\Users\Jhonemar\OneDrive\Desktop\load-testing-final\testdata\users.csv
2026-03-13 18:49:21,228 INFO o.a.j.r.Summariser: summary =    150 in 00:00:07 =   21.7/s Avg:  1168 Min:   152 Max:  5104 Err:   150 (100.00%)
2026-03-13 18:49:21,229 INFO o.a.j.JMeter: Generating Dashboard
2026-03-13 18:49:21,229 INFO o.a.j.r.d.ReportGenerator: Flushing result collector before report Generation
2026-03-13 18:49:21,242 INFO o.a.j.r.p.NormalizerSampleConsumer: Using format, 'ms', to parse timeStamp field
2026-03-13 18:49:21,341 INFO o.a.j.r.p.AbstractSampleConsumer: class org.apache.jmeter.report.processor.AggregateConsumer#stopProducing(): beginDate produced 0 samples
2026-03-13 18:49:21,341 INFO o.a.j.r.p.AbstractSampleConsumer: class org.apache.jmeter.report.processor.AggregateConsumer#stopProducing(): endDate produced 0 samples
2026-03-13 18:49:21,344 INFO o.a.j.r.p.AbstractSampleConsumer: class org.apache.jmeter.report.processor.ApdexSummaryConsumer#stopProducing(): apdexSummary produced 0 samples
2026-03-13 18:49:21,344 INFO o.a.j.r.p.AbstractSampleConsumer: class org.apache.jmeter.report.processor.RequestsSummaryConsumer#stopProducing(): requestsSummary produced 0 samples
2026-03-13 18:49:21,349 INFO o.a.j.r.p.AbstractSampleConsumer: class org.apache.jmeter.report.processor.StatisticsSummaryConsumer#stopProducing(): statisticsSummary produced 0 samples
2026-03-13 18:49:21,351 INFO o.a.j.r.p.AbstractSampleConsumer: class org.apache.jmeter.report.processor.Top5ErrorsBySamplerConsumer#stopProducing(): top5ErrorsBySampler produced 0 samples
2026-03-13 18:49:21,351 INFO o.a.j.r.p.AbstractSampleConsumer: class org.apache.jmeter.report.processor.ErrorsSummaryConsumer#stopProducing(): errorsSummary produced 0 samples
2026-03-13 18:49:21,351 INFO o.a.j.r.p.AbstractSampleConsumer: class org.apache.jmeter.report.processor.graph.impl.HitsPerSecondGraphConsumer#stopProducing(): hitsPerSecond produced 0 samples
2026-03-13 18:49:21,366 INFO o.a.j.r.p.AbstractSampleConsumer: class org.apache.jmeter.report.processor.graph.impl.LatencyVSRequestGraphConsumer#stopProducing(): latencyVsRequest produced 0 samples
2026-03-13 18:49:21,366 INFO o.a.j.r.p.AbstractSampleConsumer: class org.apache.jmeter.report.processor.graph.impl.SyntheticResponseTimeDistributionGraphConsumer#stopProducing(): syntheticResponseTimeDistribution produced 0 samples
2026-03-13 18:49:21,366 INFO o.a.j.r.p.AbstractSampleConsumer: class org.apache.jmeter.report.processor.graph.impl.BytesThroughputGraphConsumer#stopProducing(): bytesThroughputOverTime produced 0 samples
2026-03-13 18:49:21,367 INFO o.a.j.r.p.AbstractSampleConsumer: class org.apache.jmeter.report.processor.graph.impl.CodesPerSecondGraphConsumer#stopProducing(): codesPerSecond produced 0 samples
2026-03-13 18:49:21,373 INFO o.a.j.r.p.AbstractSampleConsumer: class org.apache.jmeter.report.processor.graph.impl.ResponseTimeVSRequestGraphConsumer#stopProducing(): responseTimeVsRequest produced 0 samples
2026-03-13 18:49:21,374 INFO o.a.j.r.p.AbstractSampleConsumer: class org.apache.jmeter.report.processor.FilterConsumer#stopProducing(): startIntervalControlerFilter produced 1050 samples
2026-03-13 18:49:21,374 INFO o.a.j.r.p.AbstractSampleConsumer: class org.apache.jmeter.report.processor.graph.impl.TotalTPSGraphConsumer#stopProducing(): totalTPS produced 0 samples
2026-03-13 18:49:21,375 INFO o.a.j.r.p.AbstractSampleConsumer: class org.apache.jmeter.report.processor.graph.impl.ActiveThreadsGraphConsumer#stopProducing(): activeThreadsOverTime produced 0 samples
2026-03-13 18:49:21,375 INFO o.a.j.r.p.AbstractSampleConsumer: class org.apache.jmeter.report.processor.graph.impl.TimeVSThreadGraphConsumer#stopProducing(): timeVsThreads produced 0 samples
2026-03-13 18:49:21,375 INFO o.a.j.r.p.AbstractSampleConsumer: class org.apache.jmeter.report.processor.graph.impl.ResponseTimeDistributionGraphConsumer#stopProducing(): responseTimeDistribution produced 0 samples
2026-03-13 18:49:21,375 INFO o.a.j.r.p.AbstractSampleConsumer: class org.apache.jmeter.report.processor.graph.impl.TransactionsPerSecondGraphConsumer#stopProducing(): transactionsPerSecond produced 0 samples
2026-03-13 18:49:21,375 INFO o.a.j.r.p.AbstractSampleConsumer: class org.apache.jmeter.report.processor.graph.impl.ResponseTimePercentilesGraphConsumer#stopProducing(): responseTimePercentiles produced 0 samples
2026-03-13 18:49:21,376 INFO o.a.j.r.p.AbstractSampleConsumer: class org.apache.jmeter.report.processor.graph.impl.ResponseTimePercentilesOverTimeGraphConsumer#stopProducing(): responseTimePercentilesOverTime produced 0 samples
2026-03-13 18:49:21,377 INFO o.a.j.r.p.AbstractSampleConsumer: class org.apache.jmeter.report.processor.graph.impl.ResponseTimeOverTimeGraphConsumer#stopProducing(): responseTimesOverTime produced 0 samples
2026-03-13 18:49:21,377 INFO o.a.j.r.p.AbstractSampleConsumer: class org.apache.jmeter.report.processor.graph.impl.ConnectTimeOverTimeGraphConsumer#stopProducing(): connectTimeOverTime produced 0 samples
2026-03-13 18:49:21,377 INFO o.a.j.r.p.AbstractSampleConsumer: class org.apache.jmeter.report.processor.graph.impl.LatencyOverTimeGraphConsumer#stopProducing(): latenciesOverTime produced 0 samples
2026-03-13 18:49:21,377 INFO o.a.j.r.p.AbstractSampleConsumer: class org.apache.jmeter.report.processor.FilterConsumer#stopProducing(): nameFilter produced 2250 samples
2026-03-13 18:49:21,377 INFO o.a.j.r.p.AbstractSampleConsumer: class org.apache.jmeter.report.processor.FilterConsumer#stopProducing(): dateRangeFilter produced 450 samples
2026-03-13 18:49:21,377 INFO o.a.j.r.p.AbstractSampleConsumer: class org.apache.jmeter.report.processor.NormalizerSampleConsumer#stopProducing(): normalizer produced 150 samples
2026-03-13 18:49:21,378 INFO o.a.j.r.p.CsvFileSampleSource: produce(): 150 samples produced in 104ms on channel 0
2026-03-13 18:49:21,378 INFO o.a.j.r.d.ReportGenerator: Exporting data using exporter:'json' of className:'org.apache.jmeter.report.dashboard.JsonExporter'
2026-03-13 18:49:21,465 INFO o.a.j.r.d.JsonExporter: Found data for consumer statisticsSummary in context
2026-03-13 18:49:21,466 INFO o.a.j.r.d.JsonExporter: Creating statistics for overall
2026-03-13 18:49:21,466 INFO o.a.j.r.d.JsonExporter: Creating statistics for other transactions
2026-03-13 18:49:21,466 INFO o.a.j.r.d.JsonExporter: Checking output folder
2026-03-13 18:49:21,467 INFO o.a.j.r.d.JsonExporter: Writing statistics JSON to C:\Users\Jhonemar\OneDrive\Desktop\load-testing-final\report\statistics.json
2026-03-13 18:49:21,517 INFO o.a.j.r.d.ReportGenerator: Exporting data using exporter:'html' of className:'org.apache.jmeter.report.dashboard.HtmlTemplateExporter'
2026-03-13 18:49:21,521 INFO o.a.j.r.d.HtmlTemplateExporter: Will generate dashboard in folder: C:\Users\Jhonemar\OneDrive\Desktop\load-testing-final\report
2026-03-13 18:49:21,598 INFO o.a.j.r.d.HtmlTemplateExporter: Report will be generated in: C:\Users\Jhonemar\OneDrive\Desktop\load-testing-final\report, creating folder structure
2026-03-13 18:49:21,601 INFO o.a.j.r.d.TemplateVisitor: Copying folder from 'C:\Users\Jhonemar\OneDrive\Desktop\Jmeter\apache-jmeter-5.6.3\bin\report-template' to 'C:\Users\Jhonemar\OneDrive\Desktop\load-testing-final\report', got message: C:\Users\Jhonemar\OneDrive\Desktop\load-testing-final\report, found non empty folder with following content [C:\Users\Jhonemar\OneDrive\Desktop\load-testing-final\report\statistics.json], will be ignored
2026-03-13 18:49:22,059 INFO o.a.j.JMeter: Dashboard generated
